[Sat Apr 18 01:19:04.073358 2020] [mpm_winnt:notice] [pid 2384:tid 776] AH00455: Apache/2.4.6 (Win32) PHP/5.4.17 configured -- resuming normal operations
[Sat Apr 18 01:19:04.073358 2020] [mpm_winnt:notice] [pid 2384:tid 776] AH00456: Apache Lounge VC10 Server built: Jul 16 2013 11:15:41
[Sat Apr 18 01:19:04.073358 2020] [core:notice] [pid 2384:tid 776] AH00094: Command line: 'C:\\Users\\vinic\\Desktop\\tcc/apache2/bin/httpd_usbwv8.exe -d C:/Users/vinic/Desktop/tcc/apache2'
[Sat Apr 18 01:19:04.077355 2020] [mpm_winnt:notice] [pid 2384:tid 776] AH00418: Parent: Created child process 16708
[Sat Apr 18 01:19:05.060558 2020] [mpm_winnt:notice] [pid 16708:tid 848] AH00354: Child: Starting 64 worker threads.
[Sat Apr 18 01:20:02.617867 2020] [core:error] [pid 16708:tid 1372] (20024)The given path is misformatted or contained invalid characters: [client ::1:62227] AH00127: Cannot map GET /cliente/visao/.../css/materialize.css HTTP/1.1 to file, referer: http://localhost:8080/cliente/visao/index.html
[Sat Apr 18 01:20:02.624863 2020] [core:error] [pid 16708:tid 1368] (20024)The given path is misformatted or contained invalid characters: [client ::1:62228] AH00127: Cannot map GET /cliente/visao/.../js/jquery-3.4.1.js HTTP/1.1 to file, referer: http://localhost:8080/cliente/visao/index.html
[Sat Apr 18 01:20:02.626861 2020] [core:error] [pid 16708:tid 1360] (20024)The given path is misformatted or contained invalid characters: [client ::1:62229] AH00127: Cannot map GET /cliente/visao/.../root/js/materialize.js HTTP/1.1 to file, referer: http://localhost:8080/cliente/visao/index.html
[Sat Apr 18 01:20:02.660842 2020] [core:error] [pid 16708:tid 1360] (20024)The given path is misformatted or contained invalid characters: [client ::1:62229] AH00127: Cannot map GET /cliente/visao/.../root/js/materialize.js HTTP/1.1 to file, referer: http://localhost:8080/cliente/visao/index.html
[Sat Apr 18 01:20:33.207710 2020] [core:error] [pid 16708:tid 1368] (20024)The given path is misformatted or contained invalid characters: [client ::1:62243] AH00127: Cannot map GET /cliente/visao/.../js/jquery-3.4.1.js HTTP/1.1 to file, referer: http://localhost:8080/cliente/visao/index.html
[Sat Apr 18 01:20:33.209708 2020] [core:error] [pid 16708:tid 1372] (20024)The given path is misformatted or contained invalid characters: [client ::1:62245] AH00127: Cannot map GET /cliente/visao/.../root/js/materialize.js HTTP/1.1 to file, referer: http://localhost:8080/cliente/visao/index.html
[Sat Apr 18 01:20:33.325642 2020] [core:error] [pid 16708:tid 1372] (20024)The given path is misformatted or contained invalid characters: [client ::1:62245] AH00127: Cannot map GET /cliente/visao/.../root/js/materialize.js HTTP/1.1 to file, referer: http://localhost:8080/cliente/visao/index.html
[Sat Apr 18 01:20:33.752398 2020] [core:error] [pid 16708:tid 1360] (20024)The given path is misformatted or contained invalid characters: [client ::1:62242] AH00127: Cannot map GET /cliente/visao/.../js/jquery-3.4.1.js HTTP/1.1 to file, referer: http://localhost:8080/cliente/visao/index.html
[Sat Apr 18 01:20:33.753404 2020] [core:error] [pid 16708:tid 1368] (20024)The given path is misformatted or contained invalid characters: [client ::1:62243] AH00127: Cannot map GET /cliente/visao/.../root/js/materialize.js HTTP/1.1 to file, referer: http://localhost:8080/cliente/visao/index.html
[Sat Apr 18 01:20:33.968273 2020] [core:error] [pid 16708:tid 1360] (20024)The given path is misformatted or contained invalid characters: [client ::1:62242] AH00127: Cannot map GET /cliente/visao/.../js/jquery-3.4.1.js HTTP/1.1 to file, referer: http://localhost:8080/cliente/visao/index.html
[Sat Apr 18 01:20:33.968273 2020] [core:error] [pid 16708:tid 1372] (20024)The given path is misformatted or contained invalid characters: [client ::1:62245] AH00127: Cannot map GET /cliente/visao/.../root/js/materialize.js HTTP/1.1 to file, referer: http://localhost:8080/cliente/visao/index.html
[Sat Apr 18 01:20:33.985264 2020] [core:error] [pid 16708:tid 1368] (20024)The given path is misformatted or contained invalid characters: [client ::1:62243] AH00127: Cannot map GET /cliente/visao/.../root/js/materialize.js HTTP/1.1 to file, referer: http://localhost:8080/cliente/visao/index.html
[Sat Apr 18 01:20:34.163162 2020] [core:error] [pid 16708:tid 1372] (20024)The given path is misformatted or contained invalid characters: [client ::1:62245] AH00127: Cannot map GET /cliente/visao/.../js/jquery-3.4.1.js HTTP/1.1 to file, referer: http://localhost:8080/cliente/visao/index.html
[Sat Apr 18 01:20:34.172160 2020] [core:error] [pid 16708:tid 1360] (20024)The given path is misformatted or contained invalid characters: [client ::1:62242] AH00127: Cannot map GET /cliente/visao/.../root/js/materialize.js HTTP/1.1 to file, referer: http://localhost:8080/cliente/visao/index.html
[Sat Apr 18 01:20:34.237119 2020] [core:error] [pid 16708:tid 1360] (20024)The given path is misformatted or contained invalid characters: [client ::1:62242] AH00127: Cannot map GET /cliente/visao/.../root/js/materialize.js HTTP/1.1 to file, referer: http://localhost:8080/cliente/visao/index.html
[Sat Apr 18 01:20:34.362048 2020] [core:error] [pid 16708:tid 1368] (20024)The given path is misformatted or contained invalid characters: [client ::1:62243] AH00127: Cannot map GET /cliente/visao/.../js/jquery-3.4.1.js HTTP/1.1 to file, referer: http://localhost:8080/cliente/visao/index.html
[Sat Apr 18 01:20:34.362048 2020] [core:error] [pid 16708:tid 1372] (20024)The given path is misformatted or contained invalid characters: [client ::1:62245] AH00127: Cannot map GET /cliente/visao/.../root/js/materialize.js HTTP/1.1 to file, referer: http://localhost:8080/cliente/visao/index.html
[Sat Apr 18 01:20:34.380038 2020] [core:error] [pid 16708:tid 1360] (20024)The given path is misformatted or contained invalid characters: [client ::1:62242] AH00127: Cannot map GET /cliente/visao/.../root/js/materialize.js HTTP/1.1 to file, referer: http://localhost:8080/cliente/visao/index.html
[Sat Apr 18 01:20:34.584920 2020] [core:error] [pid 16708:tid 1372] (20024)The given path is misformatted or contained invalid characters: [client ::1:62245] AH00127: Cannot map GET /cliente/visao/.../js/jquery-3.4.1.js HTTP/1.1 to file, referer: http://localhost:8080/cliente/visao/index.html
[Sat Apr 18 01:20:34.585920 2020] [core:error] [pid 16708:tid 1368] (20024)The given path is misformatted or contained invalid characters: [client ::1:62243] AH00127: Cannot map GET /cliente/visao/.../root/js/materialize.js HTTP/1.1 to file, referer: http://localhost:8080/cliente/visao/index.html
[Sat Apr 18 01:20:34.602910 2020] [core:error] [pid 16708:tid 1360] (20024)The given path is misformatted or contained invalid characters: [client ::1:62242] AH00127: Cannot map GET /cliente/visao/.../root/js/materialize.js HTTP/1.1 to file, referer: http://localhost:8080/cliente/visao/index.html
[Sat Apr 18 01:20:34.867233 2020] [core:error] [pid 16708:tid 1368] (20024)The given path is misformatted or contained invalid characters: [client ::1:62243] AH00127: Cannot map GET /cliente/visao/.../js/jquery-3.4.1.js HTTP/1.1 to file, referer: http://localhost:8080/cliente/visao/index.html
[Sat Apr 18 01:20:34.867233 2020] [core:error] [pid 16708:tid 1372] (20024)The given path is misformatted or contained invalid characters: [client ::1:62245] AH00127: Cannot map GET /cliente/visao/.../root/js/materialize.js HTTP/1.1 to file, referer: http://localhost:8080/cliente/visao/index.html
[Sat Apr 18 01:20:34.879229 2020] [core:error] [pid 16708:tid 1360] (20024)The given path is misformatted or contained invalid characters: [client ::1:62242] AH00127: Cannot map GET /cliente/visao/.../root/js/materialize.js HTTP/1.1 to file, referer: http://localhost:8080/cliente/visao/index.html
[Sat Apr 18 01:21:02.885382 2020] [core:error] [pid 16708:tid 1360] (20024)The given path is misformatted or contained invalid characters: [client ::1:62299] AH00127: Cannot map GET /cliente/visao/.../js/jquery-3.4.1.js HTTP/1.1 to file, referer: http://localhost:8080/cliente/visao/index.html
[Sat Apr 18 01:21:02.886382 2020] [core:error] [pid 16708:tid 1372] (20024)The given path is misformatted or contained invalid characters: [client ::1:62297] AH00127: Cannot map GET /cliente/visao/.../root/js/materialize.js HTTP/1.1 to file, referer: http://localhost:8080/cliente/visao/index.html
[Sat Apr 18 01:21:03.900935 2020] [core:error] [pid 16708:tid 1360] (20024)The given path is misformatted or contained invalid characters: [client ::1:62299] AH00127: Cannot map GET /cliente/visao/.../js/jquery-3.4.1.js HTTP/1.1 to file, referer: http://localhost:8080/cliente/visao/index.html
[Sat Apr 18 01:21:03.900935 2020] [core:error] [pid 16708:tid 1372] (20024)The given path is misformatted or contained invalid characters: [client ::1:62297] AH00127: Cannot map GET /cliente/visao/.../root/js/materialize.js HTTP/1.1 to file, referer: http://localhost:8080/cliente/visao/index.html
[Sat Apr 18 01:21:04.148695 2020] [core:error] [pid 16708:tid 1360] (20024)The given path is misformatted or contained invalid characters: [client ::1:62299] AH00127: Cannot map GET /cliente/visao/.../js/jquery-3.4.1.js HTTP/1.1 to file, referer: http://localhost:8080/cliente/visao/index.html
[Sat Apr 18 01:21:04.148695 2020] [core:error] [pid 16708:tid 1372] (20024)The given path is misformatted or contained invalid characters: [client ::1:62297] AH00127: Cannot map GET /cliente/visao/.../root/js/materialize.js HTTP/1.1 to file, referer: http://localhost:8080/cliente/visao/index.html
[Sat Apr 18 01:21:04.352826 2020] [core:error] [pid 16708:tid 1372] (20024)The given path is misformatted or contained invalid characters: [client ::1:62297] AH00127: Cannot map GET /cliente/visao/.../js/jquery-3.4.1.js HTTP/1.1 to file, referer: http://localhost:8080/cliente/visao/index.html
[Sat Apr 18 01:21:04.352826 2020] [core:error] [pid 16708:tid 1360] (20024)The given path is misformatted or contained invalid characters: [client ::1:62299] AH00127: Cannot map GET /cliente/visao/.../root/js/materialize.js HTTP/1.1 to file, referer: http://localhost:8080/cliente/visao/index.html
[Sat Apr 18 01:21:04.562244 2020] [core:error] [pid 16708:tid 1360] (20024)The given path is misformatted or contained invalid characters: [client ::1:62299] AH00127: Cannot map GET /cliente/visao/.../js/jquery-3.4.1.js HTTP/1.1 to file, referer: http://localhost:8080/cliente/visao/index.html
[Sat Apr 18 01:21:04.562244 2020] [core:error] [pid 16708:tid 1372] (20024)The given path is misformatted or contained invalid characters: [client ::1:62297] AH00127: Cannot map GET /cliente/visao/.../root/js/materialize.js HTTP/1.1 to file, referer: http://localhost:8080/cliente/visao/index.html
[Sat Apr 18 01:21:04.623208 2020] [core:error] [pid 16708:tid 1360] (20024)The given path is misformatted or contained invalid characters: [client ::1:62299] AH00127: Cannot map GET /cliente/visao/.../root/js/materialize.js HTTP/1.1 to file, referer: http://localhost:8080/cliente/visao/index.html
[Sat Apr 18 01:24:32.920192 2020] [core:error] [pid 16708:tid 1360] (20024)The given path is misformatted or contained invalid characters: [client ::1:62460] AH00127: Cannot map GET /cliente/visao/.../root/css/materialize.css HTTP/1.1 to file, referer: http://localhost:8080/cliente/visao/index.html
[Sat Apr 18 01:24:32.943178 2020] [core:error] [pid 16708:tid 1360] (20024)The given path is misformatted or contained invalid characters: [client ::1:62460] AH00127: Cannot map GET /cliente/visao/.../root/js/jquery-3.4.1.js HTTP/1.1 to file, referer: http://localhost:8080/cliente/visao/index.html
[Sat Apr 18 01:24:32.949176 2020] [core:error] [pid 16708:tid 1368] (20024)The given path is misformatted or contained invalid characters: [client ::1:62466] AH00127: Cannot map GET /cliente/visao/.../root/js/materialize.js HTTP/1.1 to file, referer: http://localhost:8080/cliente/visao/index.html
[Sat Apr 18 01:24:33.081100 2020] [core:error] [pid 16708:tid 1340] (20024)The given path is misformatted or contained invalid characters: [client ::1:62467] AH00127: Cannot map GET /cliente/visao/.../root/js/materialize.js HTTP/1.1 to file, referer: http://localhost:8080/cliente/visao/index.html
