2020-04-18 01:17:44 11680 [Note] Plugin 'FEDERATED' is disabled.
2020-04-18 01:17:44 11680 [Note] InnoDB: The InnoDB memory heap is disabled
2020-04-18 01:17:44 11680 [Note] InnoDB: Mutexes and rw_locks use Windows interlocked functions
2020-04-18 01:17:44 11680 [Note] InnoDB: Compressed tables use zlib 1.2.3
2020-04-18 01:17:44 11680 [Note] InnoDB: Not using CPU crc32 instructions
2020-04-18 01:17:44 11680 [Note] InnoDB: Initializing buffer pool, size = 128.0M
2020-04-18 01:17:44 11680 [Note] InnoDB: Completed initialization of buffer pool
2020-04-18 01:17:44 11680 [Note] InnoDB: Setting log file C:\Users\vinic\Desktop\tcc\mysql\data\ib_logfile101 size to 5 MB
2020-04-18 01:17:44 11680 [Note] InnoDB: Setting log file C:\Users\vinic\Desktop\tcc\mysql\data\ib_logfile1 size to 5 MB
2020-04-18 01:17:44 11680 [Note] InnoDB: Renaming log file C:\Users\vinic\Desktop\tcc\mysql\data\ib_logfile101 to C:\Users\vinic\Desktop\tcc\mysql\data\ib_logfile0
2020-04-18 01:17:44 11680 [Warning] InnoDB: New log files created, LSN=1626134
2020-04-18 01:17:44 11680 [Note] InnoDB: Highest supported file format is Barracuda.
2020-04-18 01:17:45 11680 [Note] InnoDB: 128 rollback segment(s) are active.
2020-04-18 01:17:45 11680 [Note] InnoDB: Waiting for purge to start
2020-04-18 01:17:45 11680 [Note] InnoDB: 5.6.13 started; log sequence number 1626636
2020-04-18 01:17:45 11680 [Warning] No existing UUID has been found, so we assume that this is the first time that this server has been started. Generating a new UUID: 8dd4e1f0-812b-11ea-b27c-18a99bff8cd1.
2020-04-18 01:17:45 11680 [Note] Server hostname (bind-address): '*'; port: 3307
2020-04-18 01:17:45 11680 [Note] IPv6 is available.
2020-04-18 01:17:45 11680 [Note]   - '::' resolves to '::';
2020-04-18 01:17:45 11680 [Note] Server socket created on IP: '::'.
2020-04-18 01:18:36 8472 [Note] Plugin 'FEDERATED' is disabled.
2020-04-18 01:18:36 8472 [Note] InnoDB: The InnoDB memory heap is disabled
2020-04-18 01:18:36 8472 [Note] InnoDB: Mutexes and rw_locks use Windows interlocked functions
2020-04-18 01:18:36 8472 [Note] InnoDB: Compressed tables use zlib 1.2.3
2020-04-18 01:18:36 8472 [Note] InnoDB: Not using CPU crc32 instructions
2020-04-18 01:18:36 8472 [Note] InnoDB: Initializing buffer pool, size = 128.0M
2020-04-18 01:18:36 8472 [Note] InnoDB: Completed initialization of buffer pool
2020-04-18 01:18:36 8472 [Note] InnoDB: Highest supported file format is Barracuda.
2020-04-18 01:18:36 8472 [Note] InnoDB: The log sequence numbers 1626134 and 1626134 in ibdata files do not match the log sequence number 1626646 in the ib_logfiles!
2020-04-18 01:18:36 8472 [Note] InnoDB: Database was not shutdown normally!
2020-04-18 01:18:36 8472 [Note] InnoDB: Starting crash recovery.
2020-04-18 01:18:36 8472 [Note] InnoDB: Reading tablespace information from the .ibd files...
2020-04-18 01:18:36 8472 [Note] InnoDB: Restoring possible half-written data pages 
2020-04-18 01:18:36 8472 [Note] InnoDB: from the doublewrite buffer...
2020-04-18 01:18:36 8472 [Note] InnoDB: 128 rollback segment(s) are active.
2020-04-18 01:18:36 8472 [Note] InnoDB: Waiting for purge to start
2020-04-18 01:18:36 8472 [Note] InnoDB: 5.6.13 started; log sequence number 1626646
2020-04-18 01:18:36 8472 [Note] Server hostname (bind-address): '*'; port: 3307
2020-04-18 01:18:36 8472 [Note] IPv6 is available.
2020-04-18 01:18:36 8472 [Note]   - '::' resolves to '::';
2020-04-18 01:18:36 8472 [Note] Server socket created on IP: '::'.
2020-04-18 01:18:44 14844 [Note] Plugin 'FEDERATED' is disabled.
2020-04-18 01:18:44 14844 [Note] InnoDB: The InnoDB memory heap is disabled
2020-04-18 01:18:44 14844 [Note] InnoDB: Mutexes and rw_locks use Windows interlocked functions
2020-04-18 01:18:44 14844 [Note] InnoDB: Compressed tables use zlib 1.2.3
2020-04-18 01:18:44 14844 [Note] InnoDB: Not using CPU crc32 instructions
2020-04-18 01:18:44 14844 [Note] InnoDB: Initializing buffer pool, size = 128.0M
2020-04-18 01:18:44 14844 [Note] InnoDB: Completed initialization of buffer pool
2020-04-18 01:18:44 14844 [ERROR] InnoDB: C:\Users\vinic\Desktop\tcc\mysql\data\ibdata1 can't be opened in read-write mode
2020-04-18 01:18:44 14844 [ERROR] InnoDB: The system tablespace must be writable!
2020-04-18 01:18:44 14844 [ERROR] Plugin 'InnoDB' init function returned error.
2020-04-18 01:18:44 14844 [ERROR] Plugin 'InnoDB' registration as a STORAGE ENGINE failed.
2020-04-18 01:18:44 14844 [ERROR] Unknown/unsupported storage engine: InnoDB
2020-04-18 01:18:44 14844 [ERROR] Aborting

2020-04-18 01:18:44 14844 [Note] Binlog end
2020-04-18 01:18:44 14844 [Note] Shutting down plugin 'partition'
2020-04-18 01:18:44 14844 [Note] Shutting down plugin 'PERFORMANCE_SCHEMA'
2020-04-18 01:18:44 14844 [Note] Shutting down plugin 'INNODB_SYS_DATAFILES'
2020-04-18 01:18:44 14844 [Note] Shutting down plugin 'INNODB_SYS_TABLESPACES'
2020-04-18 01:18:44 14844 [Note] Shutting down plugin 'INNODB_SYS_FOREIGN_COLS'
2020-04-18 01:18:44 14844 [Note] Shutting down plugin 'INNODB_SYS_FOREIGN'
2020-04-18 01:18:44 14844 [Note] Shutting down plugin 'INNODB_SYS_FIELDS'
2020-04-18 01:18:44 14844 [Note] Shutting down plugin 'INNODB_SYS_COLUMNS'
2020-04-18 01:18:44 14844 [Note] Shutting down plugin 'INNODB_SYS_INDEXES'
2020-04-18 01:18:44 14844 [Note] Shutting down plugin 'INNODB_SYS_TABLESTATS'
2020-04-18 01:18:44 14844 [Note] Shutting down plugin 'INNODB_SYS_TABLES'
2020-04-18 01:18:44 14844 [Note] Shutting down plugin 'INNODB_FT_INDEX_TABLE'
2020-04-18 01:18:44 14844 [Note] Shutting down plugin 'INNODB_FT_INDEX_CACHE'
2020-04-18 01:18:44 14844 [Note] Shutting down plugin 'INNODB_FT_CONFIG'
2020-04-18 01:18:44 14844 [Note] Shutting down plugin 'INNODB_FT_BEING_DELETED'
2020-04-18 01:18:44 14844 [Note] Shutting down plugin 'INNODB_FT_DELETED'
2020-04-18 01:18:44 14844 [Note] Shutting down plugin 'INNODB_FT_DEFAULT_STOPWORD'
2020-04-18 01:18:44 14844 [Note] Shutting down plugin 'INNODB_METRICS'
2020-04-18 01:18:44 14844 [Note] Shutting down plugin 'INNODB_BUFFER_POOL_STATS'
2020-04-18 01:18:44 14844 [Note] Shutting down plugin 'INNODB_BUFFER_PAGE_LRU'
2020-04-18 01:18:44 14844 [Note] Shutting down plugin 'INNODB_BUFFER_PAGE'
2020-04-18 01:18:44 14844 [Note] Shutting down plugin 'INNODB_CMP_PER_INDEX_RESET'
2020-04-18 01:18:44 14844 [Note] Shutting down plugin 'INNODB_CMP_PER_INDEX'
2020-04-18 01:18:44 14844 [Note] Shutting down plugin 'INNODB_CMPMEM_RESET'
2020-04-18 01:18:44 14844 [Note] Shutting down plugin 'INNODB_CMPMEM'
2020-04-18 01:18:44 14844 [Note] Shutting down plugin 'INNODB_CMP_RESET'
2020-04-18 01:18:44 14844 [Note] Shutting down plugin 'INNODB_CMP'
2020-04-18 01:18:44 14844 [Note] Shutting down plugin 'INNODB_LOCK_WAITS'
2020-04-18 01:18:44 14844 [Note] Shutting down plugin 'INNODB_LOCKS'
2020-04-18 01:18:44 14844 [Note] Shutting down plugin 'INNODB_TRX'
2020-04-18 01:18:44 14844 [Note] Shutting down plugin 'BLACKHOLE'
2020-04-18 01:18:44 14844 [Note] Shutting down plugin 'ARCHIVE'
2020-04-18 01:18:44 14844 [Note] Shutting down plugin 'MRG_MYISAM'
2020-04-18 01:18:44 14844 [Note] Shutting down plugin 'MyISAM'
2020-04-18 01:18:44 14844 [Note] Shutting down plugin 'MEMORY'
2020-04-18 01:18:44 14844 [Note] Shutting down plugin 'CSV'
2020-04-18 01:18:44 14844 [Note] Shutting down plugin 'sha256_password'
2020-04-18 01:18:44 14844 [Note] Shutting down plugin 'mysql_old_password'
2020-04-18 01:18:44 14844 [Note] Shutting down plugin 'mysql_native_password'
2020-04-18 01:18:44 14844 [Note] Shutting down plugin 'binlog'
2020-04-18 01:18:44 14844 [Note] C:\Users\vinic\Desktop\tcc/mysql/bin/mysqld_usbwv8.exe: Shutdown complete

2020-04-18 01:18:53 16596 [Note] Plugin 'FEDERATED' is disabled.
2020-04-18 01:18:53 16596 [Note] InnoDB: The InnoDB memory heap is disabled
2020-04-18 01:18:53 16596 [Note] InnoDB: Mutexes and rw_locks use Windows interlocked functions
2020-04-18 01:18:53 16596 [Note] InnoDB: Compressed tables use zlib 1.2.3
2020-04-18 01:18:53 16596 [Note] InnoDB: Not using CPU crc32 instructions
2020-04-18 01:18:53 16596 [Note] InnoDB: Initializing buffer pool, size = 128.0M
2020-04-18 01:18:53 16596 [Note] InnoDB: Completed initialization of buffer pool
2020-04-18 01:18:53 16596 [ERROR] InnoDB: C:\Users\vinic\Desktop\tcc\mysql\data\ibdata1 can't be opened in read-write mode
2020-04-18 01:18:53 16596 [ERROR] InnoDB: The system tablespace must be writable!
2020-04-18 01:18:53 16596 [ERROR] Plugin 'InnoDB' init function returned error.
2020-04-18 01:18:53 16596 [ERROR] Plugin 'InnoDB' registration as a STORAGE ENGINE failed.
2020-04-18 01:18:53 16596 [ERROR] Unknown/unsupported storage engine: InnoDB
2020-04-18 01:18:53 16596 [ERROR] Aborting

2020-04-18 01:18:53 16596 [Note] Binlog end
2020-04-18 01:18:53 16596 [Note] Shutting down plugin 'partition'
2020-04-18 01:18:53 16596 [Note] Shutting down plugin 'PERFORMANCE_SCHEMA'
2020-04-18 01:18:53 16596 [Note] Shutting down plugin 'INNODB_SYS_DATAFILES'
2020-04-18 01:18:53 16596 [Note] Shutting down plugin 'INNODB_SYS_TABLESPACES'
2020-04-18 01:18:53 16596 [Note] Shutting down plugin 'INNODB_SYS_FOREIGN_COLS'
2020-04-18 01:18:53 16596 [Note] Shutting down plugin 'INNODB_SYS_FOREIGN'
2020-04-18 01:18:53 16596 [Note] Shutting down plugin 'INNODB_SYS_FIELDS'
2020-04-18 01:18:53 16596 [Note] Shutting down plugin 'INNODB_SYS_COLUMNS'
2020-04-18 01:18:53 16596 [Note] Shutting down plugin 'INNODB_SYS_INDEXES'
2020-04-18 01:18:53 16596 [Note] Shutting down plugin 'INNODB_SYS_TABLESTATS'
2020-04-18 01:18:53 16596 [Note] Shutting down plugin 'INNODB_SYS_TABLES'
2020-04-18 01:18:53 16596 [Note] Shutting down plugin 'INNODB_FT_INDEX_TABLE'
2020-04-18 01:18:53 16596 [Note] Shutting down plugin 'INNODB_FT_INDEX_CACHE'
2020-04-18 01:18:53 16596 [Note] Shutting down plugin 'INNODB_FT_CONFIG'
2020-04-18 01:18:53 16596 [Note] Shutting down plugin 'INNODB_FT_BEING_DELETED'
2020-04-18 01:18:53 16596 [Note] Shutting down plugin 'INNODB_FT_DELETED'
2020-04-18 01:18:53 16596 [Note] Shutting down plugin 'INNODB_FT_DEFAULT_STOPWORD'
2020-04-18 01:18:53 16596 [Note] Shutting down plugin 'INNODB_METRICS'
2020-04-18 01:18:53 16596 [Note] Shutting down plugin 'INNODB_BUFFER_POOL_STATS'
2020-04-18 01:18:53 16596 [Note] Shutting down plugin 'INNODB_BUFFER_PAGE_LRU'
2020-04-18 01:18:53 16596 [Note] Shutting down plugin 'INNODB_BUFFER_PAGE'
2020-04-18 01:18:53 16596 [Note] Shutting down plugin 'INNODB_CMP_PER_INDEX_RESET'
2020-04-18 01:18:53 16596 [Note] Shutting down plugin 'INNODB_CMP_PER_INDEX'
2020-04-18 01:18:53 16596 [Note] Shutting down plugin 'INNODB_CMPMEM_RESET'
2020-04-18 01:18:53 16596 [Note] Shutting down plugin 'INNODB_CMPMEM'
2020-04-18 01:18:53 16596 [Note] Shutting down plugin 'INNODB_CMP_RESET'
2020-04-18 01:18:53 16596 [Note] Shutting down plugin 'INNODB_CMP'
2020-04-18 01:18:53 16596 [Note] Shutting down plugin 'INNODB_LOCK_WAITS'
2020-04-18 01:18:53 16596 [Note] Shutting down plugin 'INNODB_LOCKS'
2020-04-18 01:18:53 16596 [Note] Shutting down plugin 'INNODB_TRX'
2020-04-18 01:18:53 16596 [Note] Shutting down plugin 'BLACKHOLE'
2020-04-18 01:18:53 16596 [Note] Shutting down plugin 'ARCHIVE'
2020-04-18 01:18:53 16596 [Note] Shutting down plugin 'MRG_MYISAM'
2020-04-18 01:18:53 16596 [Note] Shutting down plugin 'MyISAM'
2020-04-18 01:18:53 16596 [Note] Shutting down plugin 'MEMORY'
2020-04-18 01:18:53 16596 [Note] Shutting down plugin 'CSV'
2020-04-18 01:18:53 16596 [Note] Shutting down plugin 'sha256_password'
2020-04-18 01:18:53 16596 [Note] Shutting down plugin 'mysql_old_password'
2020-04-18 01:18:53 16596 [Note] Shutting down plugin 'mysql_native_password'
2020-04-18 01:18:53 16596 [Note] Shutting down plugin 'binlog'
2020-04-18 01:18:53 16596 [Note] C:\Users\vinic\Desktop\tcc/mysql/bin/mysqld_usbwv8.exe: Shutdown complete

2020-04-18 01:19:02 2424 [Note] Plugin 'FEDERATED' is disabled.
2020-04-18 01:19:02 2424 [Note] InnoDB: The InnoDB memory heap is disabled
2020-04-18 01:19:02 2424 [Note] InnoDB: Mutexes and rw_locks use Windows interlocked functions
2020-04-18 01:19:02 2424 [Note] InnoDB: Compressed tables use zlib 1.2.3
2020-04-18 01:19:02 2424 [Note] InnoDB: Not using CPU crc32 instructions
2020-04-18 01:19:02 2424 [Note] InnoDB: Initializing buffer pool, size = 128.0M
2020-04-18 01:19:02 2424 [Note] InnoDB: Completed initialization of buffer pool
2020-04-18 01:19:03 2424 [Note] InnoDB: Highest supported file format is Barracuda.
2020-04-18 01:19:03 2424 [Note] InnoDB: The log sequence numbers 1626134 and 1626134 in ibdata files do not match the log sequence number 1626656 in the ib_logfiles!
2020-04-18 01:19:03 2424 [Note] InnoDB: Database was not shutdown normally!
2020-04-18 01:19:03 2424 [Note] InnoDB: Starting crash recovery.
2020-04-18 01:19:03 2424 [Note] InnoDB: Reading tablespace information from the .ibd files...
2020-04-18 01:19:03 2424 [Note] InnoDB: Restoring possible half-written data pages 
2020-04-18 01:19:03 2424 [Note] InnoDB: from the doublewrite buffer...
2020-04-18 01:19:03 2424 [Note] InnoDB: 128 rollback segment(s) are active.
2020-04-18 01:19:03 2424 [Note] InnoDB: Waiting for purge to start
2020-04-18 01:19:03 2424 [Note] InnoDB: 5.6.13 started; log sequence number 1626656
2020-04-18 01:19:03 2424 [Note] Server hostname (bind-address): '*'; port: 3307
2020-04-18 01:19:03 2424 [Note] IPv6 is available.
2020-04-18 01:19:03 2424 [Note]   - '::' resolves to '::';
2020-04-18 01:19:03 2424 [Note] Server socket created on IP: '::'.
